2023-06-20 12:12:26.372 [http-nio-9000-exec-7] ERROR c.e.springbase.exception.GlobalExceptionHandler - 错误信息Validation failed for argument [0] in public com.eztech.springbase.vo.ResultVo<java.lang.Boolean> com.eztech.springbase.controller.UserController.create(com.eztech.springbase.dto.user.SaveUserDto): [Field error in object 'saveUserDto' on field 'password': rejected value [asdASD!]; codes [Pattern.saveUserDto.password,Pattern.password,Pattern.java.lang.String,Pattern]; arguments [org.springframework.context.support.DefaultMessageSourceResolvable: codes [saveUserDto.password,password]; arguments []; default message [password],[Ljavax.validation.constraints.Pattern$Flag;@727197ba,^(?=.*[a-zA-Z])(?=.*[0-9])(?=.*[._~!@#$^&*])[A-Za-z0-9._~!@#$^&*]{8,20}$]; default message [密码不符合规范]] 
2023-06-20 12:12:27.905 [http-nio-9000-exec-9] ERROR c.e.springbase.exception.GlobalExceptionHandler - 错误信息Validation failed for argument [0] in public com.eztech.springbase.vo.ResultVo<java.lang.Boolean> com.eztech.springbase.controller.UserController.create(com.eztech.springbase.dto.user.SaveUserDto): [Field error in object 'saveUserDto' on field 'password': rejected value [asdASD!]; codes [Pattern.saveUserDto.password,Pattern.password,Pattern.java.lang.String,Pattern]; arguments [org.springframework.context.support.DefaultMessageSourceResolvable: codes [saveUserDto.password,password]; arguments []; default message [password],[Ljavax.validation.constraints.Pattern$Flag;@727197ba,^(?=.*[a-zA-Z])(?=.*[0-9])(?=.*[._~!@#$^&*])[A-Za-z0-9._~!@#$^&*]{8,20}$]; default message [密码不符合规范]] 
2023-06-20 12:12:28.335 [http-nio-9000-exec-6] ERROR c.e.springbase.exception.GlobalExceptionHandler - 错误信息Validation failed for argument [0] in public com.eztech.springbase.vo.ResultVo<java.lang.Boolean> com.eztech.springbase.controller.UserController.create(com.eztech.springbase.dto.user.SaveUserDto): [Field error in object 'saveUserDto' on field 'password': rejected value [asdASD!]; codes [Pattern.saveUserDto.password,Pattern.password,Pattern.java.lang.String,Pattern]; arguments [org.springframework.context.support.DefaultMessageSourceResolvable: codes [saveUserDto.password,password]; arguments []; default message [password],[Ljavax.validation.constraints.Pattern$Flag;@727197ba,^(?=.*[a-zA-Z])(?=.*[0-9])(?=.*[._~!@#$^&*])[A-Za-z0-9._~!@#$^&*]{8,20}$]; default message [密码不符合规范]] 
2023-06-20 12:12:28.486 [http-nio-9000-exec-10] ERROR c.e.springbase.exception.GlobalExceptionHandler - 错误信息Validation failed for argument [0] in public com.eztech.springbase.vo.ResultVo<java.lang.Boolean> com.eztech.springbase.controller.UserController.create(com.eztech.springbase.dto.user.SaveUserDto): [Field error in object 'saveUserDto' on field 'password': rejected value [asdASD!]; codes [Pattern.saveUserDto.password,Pattern.password,Pattern.java.lang.String,Pattern]; arguments [org.springframework.context.support.DefaultMessageSourceResolvable: codes [saveUserDto.password,password]; arguments []; default message [password],[Ljavax.validation.constraints.Pattern$Flag;@727197ba,^(?=.*[a-zA-Z])(?=.*[0-9])(?=.*[._~!@#$^&*])[A-Za-z0-9._~!@#$^&*]{8,20}$]; default message [密码不符合规范]] 
2023-06-20 12:12:28.629 [http-nio-9000-exec-1] ERROR c.e.springbase.exception.GlobalExceptionHandler - 错误信息Validation failed for argument [0] in public com.eztech.springbase.vo.ResultVo<java.lang.Boolean> com.eztech.springbase.controller.UserController.create(com.eztech.springbase.dto.user.SaveUserDto): [Field error in object 'saveUserDto' on field 'password': rejected value [asdASD!]; codes [Pattern.saveUserDto.password,Pattern.password,Pattern.java.lang.String,Pattern]; arguments [org.springframework.context.support.DefaultMessageSourceResolvable: codes [saveUserDto.password,password]; arguments []; default message [password],[Ljavax.validation.constraints.Pattern$Flag;@727197ba,^(?=.*[a-zA-Z])(?=.*[0-9])(?=.*[._~!@#$^&*])[A-Za-z0-9._~!@#$^&*]{8,20}$]; default message [密码不符合规范]] 
2023-06-20 12:12:28.767 [http-nio-9000-exec-2] ERROR c.e.springbase.exception.GlobalExceptionHandler - 错误信息Validation failed for argument [0] in public com.eztech.springbase.vo.ResultVo<java.lang.Boolean> com.eztech.springbase.controller.UserController.create(com.eztech.springbase.dto.user.SaveUserDto): [Field error in object 'saveUserDto' on field 'password': rejected value [asdASD!]; codes [Pattern.saveUserDto.password,Pattern.password,Pattern.java.lang.String,Pattern]; arguments [org.springframework.context.support.DefaultMessageSourceResolvable: codes [saveUserDto.password,password]; arguments []; default message [password],[Ljavax.validation.constraints.Pattern$Flag;@727197ba,^(?=.*[a-zA-Z])(?=.*[0-9])(?=.*[._~!@#$^&*])[A-Za-z0-9._~!@#$^&*]{8,20}$]; default message [密码不符合规范]] 
2023-06-20 12:12:29.141 [http-nio-9000-exec-3] ERROR c.e.springbase.exception.GlobalExceptionHandler - 错误信息Validation failed for argument [0] in public com.eztech.springbase.vo.ResultVo<java.lang.Boolean> com.eztech.springbase.controller.UserController.create(com.eztech.springbase.dto.user.SaveUserDto): [Field error in object 'saveUserDto' on field 'password': rejected value [asdASD!]; codes [Pattern.saveUserDto.password,Pattern.password,Pattern.java.lang.String,Pattern]; arguments [org.springframework.context.support.DefaultMessageSourceResolvable: codes [saveUserDto.password,password]; arguments []; default message [password],[Ljavax.validation.constraints.Pattern$Flag;@727197ba,^(?=.*[a-zA-Z])(?=.*[0-9])(?=.*[._~!@#$^&*])[A-Za-z0-9._~!@#$^&*]{8,20}$]; default message [密码不符合规范]] 
2023-06-20 12:12:29.429 [http-nio-9000-exec-4] ERROR c.e.springbase.exception.GlobalExceptionHandler - 错误信息Validation failed for argument [0] in public com.eztech.springbase.vo.ResultVo<java.lang.Boolean> com.eztech.springbase.controller.UserController.create(com.eztech.springbase.dto.user.SaveUserDto): [Field error in object 'saveUserDto' on field 'password': rejected value [asdASD!]; codes [Pattern.saveUserDto.password,Pattern.password,Pattern.java.lang.String,Pattern]; arguments [org.springframework.context.support.DefaultMessageSourceResolvable: codes [saveUserDto.password,password]; arguments []; default message [password],[Ljavax.validation.constraints.Pattern$Flag;@727197ba,^(?=.*[a-zA-Z])(?=.*[0-9])(?=.*[._~!@#$^&*])[A-Za-z0-9._~!@#$^&*]{8,20}$]; default message [密码不符合规范]] 
2023-06-20 12:12:29.599 [http-nio-9000-exec-5] ERROR c.e.springbase.exception.GlobalExceptionHandler - 错误信息Validation failed for argument [0] in public com.eztech.springbase.vo.ResultVo<java.lang.Boolean> com.eztech.springbase.controller.UserController.create(com.eztech.springbase.dto.user.SaveUserDto): [Field error in object 'saveUserDto' on field 'password': rejected value [asdASD!]; codes [Pattern.saveUserDto.password,Pattern.password,Pattern.java.lang.String,Pattern]; arguments [org.springframework.context.support.DefaultMessageSourceResolvable: codes [saveUserDto.password,password]; arguments []; default message [password],[Ljavax.validation.constraints.Pattern$Flag;@727197ba,^(?=.*[a-zA-Z])(?=.*[0-9])(?=.*[._~!@#$^&*])[A-Za-z0-9._~!@#$^&*]{8,20}$]; default message [密码不符合规范]] 
2023-06-20 12:12:29.836 [http-nio-9000-exec-8] ERROR c.e.springbase.exception.GlobalExceptionHandler - 错误信息Validation failed for argument [0] in public com.eztech.springbase.vo.ResultVo<java.lang.Boolean> com.eztech.springbase.controller.UserController.create(com.eztech.springbase.dto.user.SaveUserDto): [Field error in object 'saveUserDto' on field 'password': rejected value [asdASD!]; codes [Pattern.saveUserDto.password,Pattern.password,Pattern.java.lang.String,Pattern]; arguments [org.springframework.context.support.DefaultMessageSourceResolvable: codes [saveUserDto.password,password]; arguments []; default message [password],[Ljavax.validation.constraints.Pattern$Flag;@727197ba,^(?=.*[a-zA-Z])(?=.*[0-9])(?=.*[._~!@#$^&*])[A-Za-z0-9._~!@#$^&*]{8,20}$]; default message [密码不符合规范]] 
2023-06-20 12:12:30.117 [http-nio-9000-exec-7] ERROR c.e.springbase.exception.GlobalExceptionHandler - 错误信息Validation failed for argument [0] in public com.eztech.springbase.vo.ResultVo<java.lang.Boolean> com.eztech.springbase.controller.UserController.create(com.eztech.springbase.dto.user.SaveUserDto): [Field error in object 'saveUserDto' on field 'password': rejected value [asdASD!]; codes [Pattern.saveUserDto.password,Pattern.password,Pattern.java.lang.String,Pattern]; arguments [org.springframework.context.support.DefaultMessageSourceResolvable: codes [saveUserDto.password,password]; arguments []; default message [password],[Ljavax.validation.constraints.Pattern$Flag;@727197ba,^(?=.*[a-zA-Z])(?=.*[0-9])(?=.*[._~!@#$^&*])[A-Za-z0-9._~!@#$^&*]{8,20}$]; default message [密码不符合规范]] 
2023-06-20 12:12:30.414 [http-nio-9000-exec-9] ERROR c.e.springbase.exception.GlobalExceptionHandler - 错误信息Validation failed for argument [0] in public com.eztech.springbase.vo.ResultVo<java.lang.Boolean> com.eztech.springbase.controller.UserController.create(com.eztech.springbase.dto.user.SaveUserDto): [Field error in object 'saveUserDto' on field 'password': rejected value [asdASD!]; codes [Pattern.saveUserDto.password,Pattern.password,Pattern.java.lang.String,Pattern]; arguments [org.springframework.context.support.DefaultMessageSourceResolvable: codes [saveUserDto.password,password]; arguments []; default message [password],[Ljavax.validation.constraints.Pattern$Flag;@727197ba,^(?=.*[a-zA-Z])(?=.*[0-9])(?=.*[._~!@#$^&*])[A-Za-z0-9._~!@#$^&*]{8,20}$]; default message [密码不符合规范]] 
2023-06-20 12:12:30.669 [http-nio-9000-exec-6] ERROR c.e.springbase.exception.GlobalExceptionHandler - 错误信息Validation failed for argument [0] in public com.eztech.springbase.vo.ResultVo<java.lang.Boolean> com.eztech.springbase.controller.UserController.create(com.eztech.springbase.dto.user.SaveUserDto): [Field error in object 'saveUserDto' on field 'password': rejected value [asdASD!]; codes [Pattern.saveUserDto.password,Pattern.password,Pattern.java.lang.String,Pattern]; arguments [org.springframework.context.support.DefaultMessageSourceResolvable: codes [saveUserDto.password,password]; arguments []; default message [password],[Ljavax.validation.constraints.Pattern$Flag;@727197ba,^(?=.*[a-zA-Z])(?=.*[0-9])(?=.*[._~!@#$^&*])[A-Za-z0-9._~!@#$^&*]{8,20}$]; default message [密码不符合规范]] 
2023-06-20 12:12:30.909 [http-nio-9000-exec-10] ERROR c.e.springbase.exception.GlobalExceptionHandler - 错误信息Validation failed for argument [0] in public com.eztech.springbase.vo.ResultVo<java.lang.Boolean> com.eztech.springbase.controller.UserController.create(com.eztech.springbase.dto.user.SaveUserDto): [Field error in object 'saveUserDto' on field 'password': rejected value [asdASD!]; codes [Pattern.saveUserDto.password,Pattern.password,Pattern.java.lang.String,Pattern]; arguments [org.springframework.context.support.DefaultMessageSourceResolvable: codes [saveUserDto.password,password]; arguments []; default message [password],[Ljavax.validation.constraints.Pattern$Flag;@727197ba,^(?=.*[a-zA-Z])(?=.*[0-9])(?=.*[._~!@#$^&*])[A-Za-z0-9._~!@#$^&*]{8,20}$]; default message [密码不符合规范]] 
2023-06-20 12:12:31.110 [http-nio-9000-exec-1] ERROR c.e.springbase.exception.GlobalExceptionHandler - 错误信息Validation failed for argument [0] in public com.eztech.springbase.vo.ResultVo<java.lang.Boolean> com.eztech.springbase.controller.UserController.create(com.eztech.springbase.dto.user.SaveUserDto): [Field error in object 'saveUserDto' on field 'password': rejected value [asdASD!]; codes [Pattern.saveUserDto.password,Pattern.password,Pattern.java.lang.String,Pattern]; arguments [org.springframework.context.support.DefaultMessageSourceResolvable: codes [saveUserDto.password,password]; arguments []; default message [password],[Ljavax.validation.constraints.Pattern$Flag;@727197ba,^(?=.*[a-zA-Z])(?=.*[0-9])(?=.*[._~!@#$^&*])[A-Za-z0-9._~!@#$^&*]{8,20}$]; default message [密码不符合规范]] 
2023-06-20 12:12:31.261 [http-nio-9000-exec-2] ERROR c.e.springbase.exception.GlobalExceptionHandler - 错误信息Validation failed for argument [0] in public com.eztech.springbase.vo.ResultVo<java.lang.Boolean> com.eztech.springbase.controller.UserController.create(com.eztech.springbase.dto.user.SaveUserDto): [Field error in object 'saveUserDto' on field 'password': rejected value [asdASD!]; codes [Pattern.saveUserDto.password,Pattern.password,Pattern.java.lang.String,Pattern]; arguments [org.springframework.context.support.DefaultMessageSourceResolvable: codes [saveUserDto.password,password]; arguments []; default message [password],[Ljavax.validation.constraints.Pattern$Flag;@727197ba,^(?=.*[a-zA-Z])(?=.*[0-9])(?=.*[._~!@#$^&*])[A-Za-z0-9._~!@#$^&*]{8,20}$]; default message [密码不符合规范]] 
2023-06-20 12:12:34.094 [http-nio-9000-exec-3] ERROR c.e.springbase.exception.GlobalExceptionHandler - 错误信息
### Error updating database.  Cause: java.sql.SQLException: Field 'birthday' doesn't have a default value
### The error may exist in com/eztech/springbase/mapper/UserMapper.java (best guess)
### The error may involve com.eztech.springbase.mapper.UserMapper.insert-Inline
### The error occurred while setting parameters
### SQL: INSERT INTO user  ( nickname, username, password )  VALUES  ( ?, ?, ? )
### Cause: java.sql.SQLException: Field 'birthday' doesn't have a default value
; Field 'birthday' doesn't have a default value; nested exception is java.sql.SQLException: Field 'birthday' doesn't have a default value
2023-06-20 15:50:49.093 [http-nio-9000-exec-5] ERROR c.e.springbase.exception.GlobalExceptionHandler - 错误信息com.eztech.springbase.vo.ResultVo cannot be cast to java.lang.String
2023-07-02 23:05:47.144 [restartedMain] ERROR org.springframework.boot.SpringApplication - Application run failed
org.springframework.beans.factory.UnsatisfiedDependencyException: Error creating bean with name 'documentationPluginsBootstrapper' defined in URL [jar:file:/Users/chenqinru/maven/apache-maven-3.9.2/repository/io/springfox/springfox-spring-web/3.0.0/springfox-spring-web-3.0.0.jar!/springfox/documentation/spring/web/plugins/DocumentationPluginsBootstrapper.class]: Unsatisfied dependency expressed through constructor parameter 1; nested exception is org.springframework.beans.factory.UnsatisfiedDependencyException: Error creating bean with name 'webMvcRequestHandlerProvider' defined in URL [jar:file:/Users/chenqinru/maven/apache-maven-3.9.2/repository/io/springfox/springfox-spring-webmvc/3.0.0/springfox-spring-webmvc-3.0.0.jar!/springfox/documentation/spring/web/plugins/WebMvcRequestHandlerProvider.class]: Unsatisfied dependency expressed through constructor parameter 2; nested exception is org.springframework.beans.factory.BeanCreationException: Error creating bean with name 'requestMappingHandlerMapping' defined in class path resource [com/eztech/springbase/config/WebMvcConfig.class]: Invocation of init method failed; nested exception is java.lang.IllegalStateException: Ambiguous mapping. Cannot map 'userController' method 
com.eztech.springbase.controller.UserController#update(SaveUserDto)
to {PUT [/user/update]}: There is already 'operationLogController' bean method
com.eztech.springbase.controller.OperationLogController#update(SaveUserDto) mapped.
	at org.springframework.beans.factory.support.ConstructorResolver.createArgumentArray(ConstructorResolver.java:800)
	at org.springframework.beans.factory.support.ConstructorResolver.autowireConstructor(ConstructorResolver.java:229)
	at org.springframework.beans.factory.support.AbstractAutowireCapableBeanFactory.autowireConstructor(AbstractAutowireCapableBeanFactory.java:1372)
	at org.springframework.beans.factory.support.AbstractAutowireCapableBeanFactory.createBeanInstance(AbstractAutowireCapableBeanFactory.java:1222)
	at org.springframework.beans.factory.support.AbstractAutowireCapableBeanFactory.doCreateBean(AbstractAutowireCapableBeanFactory.java:582)
	at org.springframework.beans.factory.support.AbstractAutowireCapableBeanFactory.createBean(AbstractAutowireCapableBeanFactory.java:542)
	at org.springframework.beans.factory.support.AbstractBeanFactory.lambda$doGetBean$0(AbstractBeanFactory.java:335)
	at org.springframework.beans.factory.support.DefaultSingletonBeanRegistry.getSingleton(DefaultSingletonBeanRegistry.java:234)
	at org.springframework.beans.factory.support.AbstractBeanFactory.doGetBean(AbstractBeanFactory.java:333)
	at org.springframework.beans.factory.support.AbstractBeanFactory.getBean(AbstractBeanFactory.java:208)
	at org.springframework.beans.factory.support.DefaultListableBeanFactory.preInstantiateSingletons(DefaultListableBeanFactory.java:955)
	at org.springframework.context.support.AbstractApplicationContext.finishBeanFactoryInitialization(AbstractApplicationContext.java:920)
	at org.springframework.context.support.AbstractApplicationContext.refresh(AbstractApplicationContext.java:583)
	at org.springframework.boot.web.servlet.context.ServletWebServerApplicationContext.refresh(ServletWebServerApplicationContext.java:147)
	at org.springframework.boot.SpringApplication.refresh(SpringApplication.java:731)
	at org.springframework.boot.SpringApplication.refreshContext(SpringApplication.java:408)
	at org.springframework.boot.SpringApplication.run(SpringApplication.java:307)
	at org.springframework.boot.SpringApplication.run(SpringApplication.java:1303)
	at org.springframework.boot.SpringApplication.run(SpringApplication.java:1292)
	at com.eztech.springbase.SpringBaseApplication.main(SpringBaseApplication.java:10)
	at sun.reflect.NativeMethodAccessorImpl.invoke0(Native Method)
	at sun.reflect.NativeMethodAccessorImpl.invoke(NativeMethodAccessorImpl.java:62)
	at sun.reflect.DelegatingMethodAccessorImpl.invoke(DelegatingMethodAccessorImpl.java:43)
	at java.lang.reflect.Method.invoke(Method.java:498)
	at org.springframework.boot.devtools.restart.RestartLauncher.run(RestartLauncher.java:49)
Caused by: org.springframework.beans.factory.UnsatisfiedDependencyException: Error creating bean with name 'webMvcRequestHandlerProvider' defined in URL [jar:file:/Users/chenqinru/maven/apache-maven-3.9.2/repository/io/springfox/springfox-spring-webmvc/3.0.0/springfox-spring-webmvc-3.0.0.jar!/springfox/documentation/spring/web/plugins/WebMvcRequestHandlerProvider.class]: Unsatisfied dependency expressed through constructor parameter 2; nested exception is org.springframework.beans.factory.BeanCreationException: Error creating bean with name 'requestMappingHandlerMapping' defined in class path resource [com/eztech/springbase/config/WebMvcConfig.class]: Invocation of init method failed; nested exception is java.lang.IllegalStateException: Ambiguous mapping. Cannot map 'userController' method 
com.eztech.springbase.controller.UserController#update(SaveUserDto)
to {PUT [/user/update]}: There is already 'operationLogController' bean method
com.eztech.springbase.controller.OperationLogController#update(SaveUserDto) mapped.
	at org.springframework.beans.factory.support.ConstructorResolver.createArgumentArray(ConstructorResolver.java:800)
	at org.springframework.beans.factory.support.ConstructorResolver.autowireConstructor(ConstructorResolver.java:229)
	at org.springframework.beans.factory.support.AbstractAutowireCapableBeanFactory.autowireConstructor(AbstractAutowireCapableBeanFactory.java:1372)
	at org.springframework.beans.factory.support.AbstractAutowireCapableBeanFactory.createBeanInstance(AbstractAutowireCapableBeanFactory.java:1222)
	at org.springframework.beans.factory.support.AbstractAutowireCapableBeanFactory.doCreateBean(AbstractAutowireCapableBeanFactory.java:582)
	at org.springframework.beans.factory.support.AbstractAutowireCapableBeanFactory.createBean(AbstractAutowireCapableBeanFactory.java:542)
	at org.springframework.beans.factory.support.AbstractBeanFactory.lambda$doGetBean$0(AbstractBeanFactory.java:335)
	at org.springframework.beans.factory.support.DefaultSingletonBeanRegistry.getSingleton(DefaultSingletonBeanRegistry.java:234)
	at org.springframework.beans.factory.support.AbstractBeanFactory.doGetBean(AbstractBeanFactory.java:333)
	at org.springframework.beans.factory.support.AbstractBeanFactory.getBean(AbstractBeanFactory.java:208)
	at org.springframework.beans.factory.config.DependencyDescriptor.resolveCandidate(DependencyDescriptor.java:276)
	at org.springframework.beans.factory.support.DefaultListableBeanFactory.addCandidateEntry(DefaultListableBeanFactory.java:1609)
	at org.springframework.beans.factory.support.DefaultListableBeanFactory.findAutowireCandidates(DefaultListableBeanFactory.java:1573)
	at org.springframework.beans.factory.support.DefaultListableBeanFactory.resolveMultipleBeans(DefaultListableBeanFactory.java:1462)
	at org.springframework.beans.factory.support.DefaultListableBeanFactory.doResolveDependency(DefaultListableBeanFactory.java:1349)
	at org.springframework.beans.factory.support.DefaultListableBeanFactory.resolveDependency(DefaultListableBeanFactory.java:1311)
	at org.springframework.beans.factory.support.ConstructorResolver.resolveAutowiredArgument(ConstructorResolver.java:887)
	at org.springframework.beans.factory.support.ConstructorResolver.createArgumentArray(ConstructorResolver.java:791)
	... 24 common frames omitted
Caused by: org.springframework.beans.factory.BeanCreationException: Error creating bean with name 'requestMappingHandlerMapping' defined in class path resource [com/eztech/springbase/config/WebMvcConfig.class]: Invocation of init method failed; nested exception is java.lang.IllegalStateException: Ambiguous mapping. Cannot map 'userController' method 
com.eztech.springbase.controller.UserController#update(SaveUserDto)
to {PUT [/user/update]}: There is already 'operationLogController' bean method
com.eztech.springbase.controller.OperationLogController#update(SaveUserDto) mapped.
	at org.springframework.beans.factory.support.AbstractAutowireCapableBeanFactory.initializeBean(AbstractAutowireCapableBeanFactory.java:1804)
	at org.springframework.beans.factory.support.AbstractAutowireCapableBeanFactory.doCreateBean(AbstractAutowireCapableBeanFactory.java:620)
	at org.springframework.beans.factory.support.AbstractAutowireCapableBeanFactory.createBean(AbstractAutowireCapableBeanFactory.java:542)
	at org.springframework.beans.factory.support.AbstractBeanFactory.lambda$doGetBean$0(AbstractBeanFactory.java:335)
	at org.springframework.beans.factory.support.DefaultSingletonBeanRegistry.getSingleton(DefaultSingletonBeanRegistry.java:234)
	at org.springframework.beans.factory.support.AbstractBeanFactory.doGetBean(AbstractBeanFactory.java:333)
	at org.springframework.beans.factory.support.AbstractBeanFactory.getBean(AbstractBeanFactory.java:208)
	at org.springframework.beans.factory.config.DependencyDescriptor.resolveCandidate(DependencyDescriptor.java:276)
	at org.springframework.beans.factory.support.DefaultListableBeanFactory.addCandidateEntry(DefaultListableBeanFactory.java:1609)
	at org.springframework.beans.factory.support.DefaultListableBeanFactory.findAutowireCandidates(DefaultListableBeanFactory.java:1573)
	at org.springframework.beans.factory.support.DefaultListableBeanFactory.resolveMultipleBeans(DefaultListableBeanFactory.java:1462)
	at org.springframework.beans.factory.support.DefaultListableBeanFactory.doResolveDependency(DefaultListableBeanFactory.java:1349)
	at org.springframework.beans.factory.support.DefaultListableBeanFactory.resolveDependency(DefaultListableBeanFactory.java:1311)
	at org.springframework.beans.factory.support.ConstructorResolver.resolveAutowiredArgument(ConstructorResolver.java:887)
	at org.springframework.beans.factory.support.ConstructorResolver.createArgumentArray(ConstructorResolver.java:791)
	... 41 common frames omitted
Caused by: java.lang.IllegalStateException: Ambiguous mapping. Cannot map 'userController' method 
com.eztech.springbase.controller.UserController#update(SaveUserDto)
to {PUT [/user/update]}: There is already 'operationLogController' bean method
com.eztech.springbase.controller.OperationLogController#update(SaveUserDto) mapped.
	at org.springframework.web.servlet.handler.AbstractHandlerMethodMapping$MappingRegistry.validateMethodMapping(AbstractHandlerMethodMapping.java:669)
	at org.springframework.web.servlet.handler.AbstractHandlerMethodMapping$MappingRegistry.register(AbstractHandlerMethodMapping.java:635)
	at org.springframework.web.servlet.handler.AbstractHandlerMethodMapping.registerHandlerMethod(AbstractHandlerMethodMapping.java:332)
	at org.springframework.web.servlet.mvc.method.annotation.RequestMappingHandlerMapping.registerHandlerMethod(RequestMappingHandlerMapping.java:420)
	at org.springframework.web.servlet.mvc.method.annotation.RequestMappingHandlerMapping.registerHandlerMethod(RequestMappingHandlerMapping.java:76)
	at org.springframework.web.servlet.handler.AbstractHandlerMethodMapping.lambda$detectHandlerMethods$2(AbstractHandlerMethodMapping.java:299)
	at java.util.LinkedHashMap.forEach(LinkedHashMap.java:684)
	at org.springframework.web.servlet.handler.AbstractHandlerMethodMapping.detectHandlerMethods(AbstractHandlerMethodMapping.java:297)
	at org.springframework.web.servlet.handler.AbstractHandlerMethodMapping.processCandidateBean(AbstractHandlerMethodMapping.java:266)
	at org.springframework.web.servlet.handler.AbstractHandlerMethodMapping.initHandlerMethods(AbstractHandlerMethodMapping.java:225)
	at org.springframework.web.servlet.handler.AbstractHandlerMethodMapping.afterPropertiesSet(AbstractHandlerMethodMapping.java:213)
	at org.springframework.web.servlet.mvc.method.annotation.RequestMappingHandlerMapping.afterPropertiesSet(RequestMappingHandlerMapping.java:205)
	at org.springframework.beans.factory.support.AbstractAutowireCapableBeanFactory.invokeInitMethods(AbstractAutowireCapableBeanFactory.java:1863)
	at org.springframework.beans.factory.support.AbstractAutowireCapableBeanFactory.initializeBean(AbstractAutowireCapableBeanFactory.java:1800)
	... 55 common frames omitted
2023-07-02 23:06:57.641 [restartedMain] ERROR org.springframework.boot.SpringApplication - Application run failed
org.springframework.beans.factory.UnsatisfiedDependencyException: Error creating bean with name 'documentationPluginsBootstrapper' defined in URL [jar:file:/Users/chenqinru/maven/apache-maven-3.9.2/repository/io/springfox/springfox-spring-web/3.0.0/springfox-spring-web-3.0.0.jar!/springfox/documentation/spring/web/plugins/DocumentationPluginsBootstrapper.class]: Unsatisfied dependency expressed through constructor parameter 1; nested exception is org.springframework.beans.factory.UnsatisfiedDependencyException: Error creating bean with name 'webMvcRequestHandlerProvider' defined in URL [jar:file:/Users/chenqinru/maven/apache-maven-3.9.2/repository/io/springfox/springfox-spring-webmvc/3.0.0/springfox-spring-webmvc-3.0.0.jar!/springfox/documentation/spring/web/plugins/WebMvcRequestHandlerProvider.class]: Unsatisfied dependency expressed through constructor parameter 2; nested exception is org.springframework.beans.factory.BeanCreationException: Error creating bean with name 'requestMappingHandlerMapping' defined in class path resource [com/eztech/springbase/config/WebMvcConfig.class]: Invocation of init method failed; nested exception is java.lang.IllegalStateException: Ambiguous mapping. Cannot map 'userController' method 
com.eztech.springbase.controller.UserController#update(SaveUserDto)
to {PUT [/user/update]}: There is already 'operationLogController' bean method
com.eztech.springbase.controller.OperationLogController#update(SaveUserDto) mapped.
	at org.springframework.beans.factory.support.ConstructorResolver.createArgumentArray(ConstructorResolver.java:800)
	at org.springframework.beans.factory.support.ConstructorResolver.autowireConstructor(ConstructorResolver.java:229)
	at org.springframework.beans.factory.support.AbstractAutowireCapableBeanFactory.autowireConstructor(AbstractAutowireCapableBeanFactory.java:1372)
	at org.springframework.beans.factory.support.AbstractAutowireCapableBeanFactory.createBeanInstance(AbstractAutowireCapableBeanFactory.java:1222)
	at org.springframework.beans.factory.support.AbstractAutowireCapableBeanFactory.doCreateBean(AbstractAutowireCapableBeanFactory.java:582)
	at org.springframework.beans.factory.support.AbstractAutowireCapableBeanFactory.createBean(AbstractAutowireCapableBeanFactory.java:542)
	at org.springframework.beans.factory.support.AbstractBeanFactory.lambda$doGetBean$0(AbstractBeanFactory.java:335)
	at org.springframework.beans.factory.support.DefaultSingletonBeanRegistry.getSingleton(DefaultSingletonBeanRegistry.java:234)
	at org.springframework.beans.factory.support.AbstractBeanFactory.doGetBean(AbstractBeanFactory.java:333)
	at org.springframework.beans.factory.support.AbstractBeanFactory.getBean(AbstractBeanFactory.java:208)
	at org.springframework.beans.factory.support.DefaultListableBeanFactory.preInstantiateSingletons(DefaultListableBeanFactory.java:955)
	at org.springframework.context.support.AbstractApplicationContext.finishBeanFactoryInitialization(AbstractApplicationContext.java:920)
	at org.springframework.context.support.AbstractApplicationContext.refresh(AbstractApplicationContext.java:583)
	at org.springframework.boot.web.servlet.context.ServletWebServerApplicationContext.refresh(ServletWebServerApplicationContext.java:147)
	at org.springframework.boot.SpringApplication.refresh(SpringApplication.java:731)
	at org.springframework.boot.SpringApplication.refreshContext(SpringApplication.java:408)
	at org.springframework.boot.SpringApplication.run(SpringApplication.java:307)
	at org.springframework.boot.SpringApplication.run(SpringApplication.java:1303)
	at org.springframework.boot.SpringApplication.run(SpringApplication.java:1292)
	at com.eztech.springbase.SpringBaseApplication.main(SpringBaseApplication.java:10)
	at sun.reflect.NativeMethodAccessorImpl.invoke0(Native Method)
	at sun.reflect.NativeMethodAccessorImpl.invoke(NativeMethodAccessorImpl.java:62)
	at sun.reflect.DelegatingMethodAccessorImpl.invoke(DelegatingMethodAccessorImpl.java:43)
	at java.lang.reflect.Method.invoke(Method.java:498)
	at org.springframework.boot.devtools.restart.RestartLauncher.run(RestartLauncher.java:49)
Caused by: org.springframework.beans.factory.UnsatisfiedDependencyException: Error creating bean with name 'webMvcRequestHandlerProvider' defined in URL [jar:file:/Users/chenqinru/maven/apache-maven-3.9.2/repository/io/springfox/springfox-spring-webmvc/3.0.0/springfox-spring-webmvc-3.0.0.jar!/springfox/documentation/spring/web/plugins/WebMvcRequestHandlerProvider.class]: Unsatisfied dependency expressed through constructor parameter 2; nested exception is org.springframework.beans.factory.BeanCreationException: Error creating bean with name 'requestMappingHandlerMapping' defined in class path resource [com/eztech/springbase/config/WebMvcConfig.class]: Invocation of init method failed; nested exception is java.lang.IllegalStateException: Ambiguous mapping. Cannot map 'userController' method 
com.eztech.springbase.controller.UserController#update(SaveUserDto)
to {PUT [/user/update]}: There is already 'operationLogController' bean method
com.eztech.springbase.controller.OperationLogController#update(SaveUserDto) mapped.
	at org.springframework.beans.factory.support.ConstructorResolver.createArgumentArray(ConstructorResolver.java:800)
	at org.springframework.beans.factory.support.ConstructorResolver.autowireConstructor(ConstructorResolver.java:229)
	at org.springframework.beans.factory.support.AbstractAutowireCapableBeanFactory.autowireConstructor(AbstractAutowireCapableBeanFactory.java:1372)
	at org.springframework.beans.factory.support.AbstractAutowireCapableBeanFactory.createBeanInstance(AbstractAutowireCapableBeanFactory.java:1222)
	at org.springframework.beans.factory.support.AbstractAutowireCapableBeanFactory.doCreateBean(AbstractAutowireCapableBeanFactory.java:582)
	at org.springframework.beans.factory.support.AbstractAutowireCapableBeanFactory.createBean(AbstractAutowireCapableBeanFactory.java:542)
	at org.springframework.beans.factory.support.AbstractBeanFactory.lambda$doGetBean$0(AbstractBeanFactory.java:335)
	at org.springframework.beans.factory.support.DefaultSingletonBeanRegistry.getSingleton(DefaultSingletonBeanRegistry.java:234)
	at org.springframework.beans.factory.support.AbstractBeanFactory.doGetBean(AbstractBeanFactory.java:333)
	at org.springframework.beans.factory.support.AbstractBeanFactory.getBean(AbstractBeanFactory.java:208)
	at org.springframework.beans.factory.config.DependencyDescriptor.resolveCandidate(DependencyDescriptor.java:276)
	at org.springframework.beans.factory.support.DefaultListableBeanFactory.addCandidateEntry(DefaultListableBeanFactory.java:1609)
	at org.springframework.beans.factory.support.DefaultListableBeanFactory.findAutowireCandidates(DefaultListableBeanFactory.java:1573)
	at org.springframework.beans.factory.support.DefaultListableBeanFactory.resolveMultipleBeans(DefaultListableBeanFactory.java:1462)
	at org.springframework.beans.factory.support.DefaultListableBeanFactory.doResolveDependency(DefaultListableBeanFactory.java:1349)
	at org.springframework.beans.factory.support.DefaultListableBeanFactory.resolveDependency(DefaultListableBeanFactory.java:1311)
	at org.springframework.beans.factory.support.ConstructorResolver.resolveAutowiredArgument(ConstructorResolver.java:887)
	at org.springframework.beans.factory.support.ConstructorResolver.createArgumentArray(ConstructorResolver.java:791)
	... 24 common frames omitted
Caused by: org.springframework.beans.factory.BeanCreationException: Error creating bean with name 'requestMappingHandlerMapping' defined in class path resource [com/eztech/springbase/config/WebMvcConfig.class]: Invocation of init method failed; nested exception is java.lang.IllegalStateException: Ambiguous mapping. Cannot map 'userController' method 
com.eztech.springbase.controller.UserController#update(SaveUserDto)
to {PUT [/user/update]}: There is already 'operationLogController' bean method
com.eztech.springbase.controller.OperationLogController#update(SaveUserDto) mapped.
	at org.springframework.beans.factory.support.AbstractAutowireCapableBeanFactory.initializeBean(AbstractAutowireCapableBeanFactory.java:1804)
	at org.springframework.beans.factory.support.AbstractAutowireCapableBeanFactory.doCreateBean(AbstractAutowireCapableBeanFactory.java:620)
	at org.springframework.beans.factory.support.AbstractAutowireCapableBeanFactory.createBean(AbstractAutowireCapableBeanFactory.java:542)
	at org.springframework.beans.factory.support.AbstractBeanFactory.lambda$doGetBean$0(AbstractBeanFactory.java:335)
	at org.springframework.beans.factory.support.DefaultSingletonBeanRegistry.getSingleton(DefaultSingletonBeanRegistry.java:234)
	at org.springframework.beans.factory.support.AbstractBeanFactory.doGetBean(AbstractBeanFactory.java:333)
	at org.springframework.beans.factory.support.AbstractBeanFactory.getBean(AbstractBeanFactory.java:208)
	at org.springframework.beans.factory.config.DependencyDescriptor.resolveCandidate(DependencyDescriptor.java:276)
	at org.springframework.beans.factory.support.DefaultListableBeanFactory.addCandidateEntry(DefaultListableBeanFactory.java:1609)
	at org.springframework.beans.factory.support.DefaultListableBeanFactory.findAutowireCandidates(DefaultListableBeanFactory.java:1573)
	at org.springframework.beans.factory.support.DefaultListableBeanFactory.resolveMultipleBeans(DefaultListableBeanFactory.java:1462)
	at org.springframework.beans.factory.support.DefaultListableBeanFactory.doResolveDependency(DefaultListableBeanFactory.java:1349)
	at org.springframework.beans.factory.support.DefaultListableBeanFactory.resolveDependency(DefaultListableBeanFactory.java:1311)
	at org.springframework.beans.factory.support.ConstructorResolver.resolveAutowiredArgument(ConstructorResolver.java:887)
	at org.springframework.beans.factory.support.ConstructorResolver.createArgumentArray(ConstructorResolver.java:791)
	... 41 common frames omitted
Caused by: java.lang.IllegalStateException: Ambiguous mapping. Cannot map 'userController' method 
com.eztech.springbase.controller.UserController#update(SaveUserDto)
to {PUT [/user/update]}: There is already 'operationLogController' bean method
com.eztech.springbase.controller.OperationLogController#update(SaveUserDto) mapped.
	at org.springframework.web.servlet.handler.AbstractHandlerMethodMapping$MappingRegistry.validateMethodMapping(AbstractHandlerMethodMapping.java:669)
	at org.springframework.web.servlet.handler.AbstractHandlerMethodMapping$MappingRegistry.register(AbstractHandlerMethodMapping.java:635)
	at org.springframework.web.servlet.handler.AbstractHandlerMethodMapping.registerHandlerMethod(AbstractHandlerMethodMapping.java:332)
	at org.springframework.web.servlet.mvc.method.annotation.RequestMappingHandlerMapping.registerHandlerMethod(RequestMappingHandlerMapping.java:420)
	at org.springframework.web.servlet.mvc.method.annotation.RequestMappingHandlerMapping.registerHandlerMethod(RequestMappingHandlerMapping.java:76)
	at org.springframework.web.servlet.handler.AbstractHandlerMethodMapping.lambda$detectHandlerMethods$2(AbstractHandlerMethodMapping.java:299)
	at java.util.LinkedHashMap.forEach(LinkedHashMap.java:684)
	at org.springframework.web.servlet.handler.AbstractHandlerMethodMapping.detectHandlerMethods(AbstractHandlerMethodMapping.java:297)
	at org.springframework.web.servlet.handler.AbstractHandlerMethodMapping.processCandidateBean(AbstractHandlerMethodMapping.java:266)
	at org.springframework.web.servlet.handler.AbstractHandlerMethodMapping.initHandlerMethods(AbstractHandlerMethodMapping.java:225)
	at org.springframework.web.servlet.handler.AbstractHandlerMethodMapping.afterPropertiesSet(AbstractHandlerMethodMapping.java:213)
	at org.springframework.web.servlet.mvc.method.annotation.RequestMappingHandlerMapping.afterPropertiesSet(RequestMappingHandlerMapping.java:205)
	at org.springframework.beans.factory.support.AbstractAutowireCapableBeanFactory.invokeInitMethods(AbstractAutowireCapableBeanFactory.java:1863)
	at org.springframework.beans.factory.support.AbstractAutowireCapableBeanFactory.initializeBean(AbstractAutowireCapableBeanFactory.java:1800)
	... 55 common frames omitted
